<?xml version="1.0" encoding="UTF-8"?>
<!-- Generated by org.testng.reporters.JUnitReportReporter -->
<testsuite skipped="0" hostname="Deadpool" name="apps.ebay.CustomerServiceForSellingTest" tests="3" failures="0" timestamp="24 Jun 2022 17:42:19 GMT" time="39.435" errors="0">
  <testcase name="selling" time="9.953" classname="apps.ebay.CustomerServiceForSellingTest"/>
  <testcase name="sellOnebay" time="14.984" classname="apps.ebay.CustomerServiceForSellingTest"/>
  <testcase name="sell" time="14.498" classname="apps.ebay.CustomerServiceForSellingTest"/>
</testsuite> <!-- apps.ebay.CustomerServiceForSellingTest -->
