<?xml version="1.0" encoding="UTF-8"?>
<!-- Generated by org.testng.reporters.JUnitReportReporter -->
<testsuite skipped="0" hostname="Deadpool" name="apps.ebay.CustomerServiceForBuyingTest" tests="3" failures="0" timestamp="24 Jun 2022 17:39:16 GMT" time="35.275" errors="0">
  <testcase name="forBuuing" time="9.325" classname="apps.ebay.CustomerServiceForBuyingTest"/>
  <testcase name="Asguest" time="15.473" classname="apps.ebay.CustomerServiceForBuyingTest"/>
  <testcase name="buying" time="10.477" classname="apps.ebay.CustomerServiceForBuyingTest"/>
</testsuite> <!-- apps.ebay.CustomerServiceForBuyingTest -->
