<?xml version="1.0" encoding="UTF-8"?>
<!-- Generated by org.testng.reporters.JUnitReportReporter -->
<testsuite skipped="0" hostname="Deadpool" name="apps.ebay.SearchbarPageTest" tests="1" failures="0" timestamp="24 Jun 2022 17:23:35 GMT" time="11.867" errors="0">
  <testcase name="Search" time="11.867" classname="apps.ebay.SearchbarPageTest"/>
</testsuite> <!-- apps.ebay.SearchbarPageTest -->
