<?xml version="1.0" encoding="UTF-8"?>
<!-- Generated by org.testng.reporters.JUnitReportReporter -->
<testsuite skipped="0" hostname="Deadpool" name="apps.ebay.HomePageTest" tests="3" failures="0" timestamp="24 Jun 2022 18:02:05 GMT" time="26.915" errors="0">
  <testcase name="homeTest" time="9.531" classname="apps.ebay.HomePageTest"/>
  <testcase name="twitter" time="8.282" classname="apps.ebay.HomePageTest"/>
  <testcase name="sell" time="9.102" classname="apps.ebay.HomePageTest"/>
</testsuite> <!-- apps.ebay.HomePageTest -->
