<?xml version="1.0" encoding="UTF-8"?>
<!-- Generated by org.testng.reporters.JUnitReportReporter -->
<testsuite skipped="0" hostname="Deadpool" name="apps.ebay.SocialMediaPageTest" tests="2" failures="0" timestamp="24 Jun 2022 18:51:51 GMT" time="23.371" errors="0">
  <testcase name="Twitter" time="6.073" classname="apps.ebay.SocialMediaPageTest"/>
  <testcase name="Facebook" time="17.298" classname="apps.ebay.SocialMediaPageTest"/>
</testsuite> <!-- apps.ebay.SocialMediaPageTest -->
