<?xml version="1.0" encoding="UTF-8"?>
<!-- Generated by org.testng.reporters.JUnitReportReporter -->
<testsuite skipped="0" hostname="Deadpool" name="apps.ebay.CollectiblesArtPageTest" tests="3" failures="0" timestamp="24 Jun 2022 18:24:23 GMT" time="28.779" errors="0">
  <testcase name="seeAntiq" time="9.090" classname="apps.ebay.CollectiblesArtPageTest"/>
  <testcase name="Art" time="8.748" classname="apps.ebay.CollectiblesArtPageTest"/>
  <testcase name="Antiq" time="10.941" classname="apps.ebay.CollectiblesArtPageTest"/>
</testsuite> <!-- apps.ebay.CollectiblesArtPageTest -->
