<?xml version="1.0" encoding="UTF-8"?>
<!-- Generated by org.testng.reporters.JUnitReportReporter -->
<testsuite skipped="0" hostname="Deadpool" name="apps.ebay.CustomerServiceForAccountTest" tests="3" failures="0" timestamp="24 Jun 2022 17:46:12 GMT" time="32.985" errors="0">
  <testcase name="account" time="8.456" classname="apps.ebay.CustomerServiceForAccountTest"/>
  <testcase name="ResetPass" time="14.601" classname="apps.ebay.CustomerServiceForAccountTest"/>
  <testcase name="SetAccount" time="9.928" classname="apps.ebay.CustomerServiceForAccountTest"/>
</testsuite> <!-- apps.ebay.CustomerServiceForAccountTest -->
