<?xml version="1.0" encoding="UTF-8"?>
<!-- Generated by org.testng.reporters.JUnitReportReporter -->
<testsuite skipped="0" hostname="Deadpool" name="apps.ebay.CustomerServiceForShipingAndTrackingTest" tests="3" failures="0" timestamp="24 Jun 2022 17:44:40 GMT" time="32.703" errors="0">
  <testcase name="shpping" time="8.637" classname="apps.ebay.CustomerServiceForShipingAndTrackingTest"/>
  <testcase name="TracyourItem" time="14.068" classname="apps.ebay.CustomerServiceForShipingAndTrackingTest"/>
  <testcase name="ship" time="9.998" classname="apps.ebay.CustomerServiceForShipingAndTrackingTest"/>
</testsuite> <!-- apps.ebay.CustomerServiceForShipingAndTrackingTest -->
